<?xml version="1.0" encoding="UTF-8"?>
<!-- Generated by org.testng.reporters.JUnitReportReporter -->
<testsuite hostname="QSINBNB342" failures="0" tests="1" name="CucumberOptions.TestNgTestRunner" time="9.550" errors="0" timestamp="2023-09-18T17:54:04 IST" skipped="0">
  <testcase classname="CucumberOptions.TestNgTestRunner" name="runScenario" time="9.550"/>
</testsuite> <!-- CucumberOptions.TestNgTestRunner -->
